<?xml version="1.0" encoding="UTF-8"?>
<testsuite name="upb.edu.co.fairticket.domain.model.EventTest" tests="5" skipped="0" failures="0" errors="0" timestamp="2026-04-08T23:37:17.888Z" hostname="SSJB" time="0.022">
  <properties/>
  <testcase name="testIsNotWithinSalePeriodWhenPast()" classname="upb.edu.co.fairticket.domain.model.EventTest" time="0.005"/>
  <testcase name="testUpdateEvent()" classname="upb.edu.co.fairticket.domain.model.EventTest" time="0.014"/>
  <testcase name="testCreateEvent()" classname="upb.edu.co.fairticket.domain.model.EventTest" time="0.001"/>
  <testcase name="testIsNotWithinSalePeriodWhenFuture()" classname="upb.edu.co.fairticket.domain.model.EventTest" time="0.0"/>
  <testcase name="testIsNotActive()" classname="upb.edu.co.fairticket.domain.model.EventTest" time="0.0"/>
  <system-out><![CDATA[]]></system-out>
  <system-err><![CDATA[]]></system-err>
</testsuite>
