<?xml version="1.0" encoding="UTF-8"?>
<testsuite name="upb.edu.co.fairticket.domain.usecase.purchase.CancelPurchaseUseCaseTest" tests="4" skipped="0" failures="0" errors="0" timestamp="2026-04-08T23:37:18.237Z" hostname="SSJB" time="0.072">
  <properties/>
  <testcase name="testExecuteWrongBuyer()" classname="upb.edu.co.fairticket.domain.usecase.purchase.CancelPurchaseUseCaseTest" time="0.066"/>
  <testcase name="testExecuteAlreadyCancelled()" classname="upb.edu.co.fairticket.domain.usecase.purchase.CancelPurchaseUseCaseTest" time="0.002"/>
  <testcase name="testExecuteNotFound()" classname="upb.edu.co.fairticket.domain.usecase.purchase.CancelPurchaseUseCaseTest" time="0.002"/>
  <testcase name="testExecuteSuccess()" classname="upb.edu.co.fairticket.domain.usecase.purchase.CancelPurchaseUseCaseTest" time="0.002"/>
  <system-out><![CDATA[]]></system-out>
  <system-err><![CDATA[]]></system-err>
</testsuite>
