<?xml version="1.0" encoding="UTF-8"?>
<testsuite name="upb.edu.co.fairticket.domain.usecase.ticket.CancelTicketUseCaseTest" tests="4" skipped="0" failures="0" errors="0" timestamp="2026-04-08T23:37:18.348Z" hostname="SSJB" time="0.009">
  <properties/>
  <testcase name="testExecuteAlreadyCancelled()" classname="upb.edu.co.fairticket.domain.usecase.ticket.CancelTicketUseCaseTest" time="0.002"/>
  <testcase name="testExecuteNotBelongsToUser()" classname="upb.edu.co.fairticket.domain.usecase.ticket.CancelTicketUseCaseTest" time="0.002"/>
  <testcase name="testExecuteNotFound()" classname="upb.edu.co.fairticket.domain.usecase.ticket.CancelTicketUseCaseTest" time="0.002"/>
  <testcase name="testExecuteSuccess()" classname="upb.edu.co.fairticket.domain.usecase.ticket.CancelTicketUseCaseTest" time="0.002"/>
  <system-out><![CDATA[]]></system-out>
  <system-err><![CDATA[]]></system-err>
</testsuite>
