<?xml version="1.0" encoding="UTF-8"?>
<testsuite name="upb.edu.co.fairticket.domain.model.valueobjects.MoneyTest" tests="6" skipped="0" failures="0" errors="0" timestamp="2026-04-08T23:37:17.997Z" hostname="SSJB" time="0.004">
  <properties/>
  <testcase name="testNegativeAmountThrowsException()" classname="upb.edu.co.fairticket.domain.model.valueobjects.MoneyTest" time="0.0"/>
  <testcase name="testBlankCurrencyThrowsException()" classname="upb.edu.co.fairticket.domain.model.valueobjects.MoneyTest" time="0.0"/>
  <testcase name="testPositiveAmount()" classname="upb.edu.co.fairticket.domain.model.valueobjects.MoneyTest" time="0.0"/>
  <testcase name="testCopFactoryMethod()" classname="upb.edu.co.fairticket.domain.model.valueobjects.MoneyTest" time="0.001"/>
  <testcase name="testZeroAmount()" classname="upb.edu.co.fairticket.domain.model.valueobjects.MoneyTest" time="0.0"/>
  <testcase name="testNullCurrencyThrowsException()" classname="upb.edu.co.fairticket.domain.model.valueobjects.MoneyTest" time="0.001"/>
  <system-out><![CDATA[]]></system-out>
  <system-err><![CDATA[]]></system-err>
</testsuite>
