<?xml version="1.0" encoding="UTF-8"?>
<testsuite name="upb.edu.co.fairticket.domain.usecase.event.CreateEventUseCaseTest" tests="4" skipped="0" failures="0" errors="0" timestamp="2026-04-08T23:37:18.006Z" hostname="SSJB" time="0.214">
  <properties/>
  <testcase name="testExecuteSuccessOrganizerJCorreal()" classname="upb.edu.co.fairticket.domain.usecase.event.CreateEventUseCaseTest" time="0.205"/>
  <testcase name="testExecuteUnauthorizedBuyer()" classname="upb.edu.co.fairticket.domain.usecase.event.CreateEventUseCaseTest" time="0.003"/>
  <testcase name="testExecuteSuccessAdminBetty()" classname="upb.edu.co.fairticket.domain.usecase.event.CreateEventUseCaseTest" time="0.002"/>
  <testcase name="testExecuteOrganizerNotFound()" classname="upb.edu.co.fairticket.domain.usecase.event.CreateEventUseCaseTest" time="0.002"/>
  <system-out><![CDATA[]]></system-out>
  <system-err><![CDATA[]]></system-err>
</testsuite>
