<?xml version="1.0" encoding="UTF-8"?>
<testsuite name="upb.edu.co.fairticket.domain.usecase.ticket.BuyTicketUseCaseTest" tests="5" skipped="0" failures="0" errors="0" timestamp="2026-04-08T23:37:18.329Z" hostname="SSJB" time="0.018">
  <properties/>
  <testcase name="testExecuteMaxTicketsExceeded()" classname="upb.edu.co.fairticket.domain.usecase.ticket.BuyTicketUseCaseTest" time="0.004"/>
  <testcase name="testExecuteSuccess()" classname="upb.edu.co.fairticket.domain.usecase.ticket.BuyTicketUseCaseTest" time="0.003"/>
  <testcase name="testExecuteEventSaleClosed()" classname="upb.edu.co.fairticket.domain.usecase.ticket.BuyTicketUseCaseTest" time="0.003"/>
  <testcase name="testExecuteEventNotFound()" classname="upb.edu.co.fairticket.domain.usecase.ticket.BuyTicketUseCaseTest" time="0.004"/>
  <testcase name="testExecuteEventNotActive()" classname="upb.edu.co.fairticket.domain.usecase.ticket.BuyTicketUseCaseTest" time="0.002"/>
  <system-out><![CDATA[]]></system-out>
  <system-err><![CDATA[]]></system-err>
</testsuite>
