<?xml version="1.0" encoding="UTF-8"?>
<testsuite name="upb.edu.co.fairticket.domain.usecase.event.EditEventUseCaseTest" tests="2" skipped="0" failures="0" errors="0" timestamp="2026-04-08T23:37:18.228Z" hostname="SSJB" time="0.006">
  <properties/>
  <testcase name="testExecuteNotFound()" classname="upb.edu.co.fairticket.domain.usecase.event.EditEventUseCaseTest" time="0.003"/>
  <testcase name="testExecuteSuccess()" classname="upb.edu.co.fairticket.domain.usecase.event.EditEventUseCaseTest" time="0.002"/>
  <system-out><![CDATA[]]></system-out>
  <system-err><![CDATA[]]></system-err>
</testsuite>
