<?xml version="1.0" encoding="UTF-8"?>
<testsuite name="upb.edu.co.fairticket.domain.usecase.user.ListUserUseCaseTest" tests="2" skipped="0" failures="0" errors="0" timestamp="2026-04-08T23:37:18.367Z" hostname="SSJB" time="0.003">
  <properties/>
  <testcase name="testExecuteReturnsEmpty()" classname="upb.edu.co.fairticket.domain.usecase.user.ListUserUseCaseTest" time="0.001"/>
  <testcase name="testExecuteReturnsUsers()" classname="upb.edu.co.fairticket.domain.usecase.user.ListUserUseCaseTest" time="0.001"/>
  <system-out><![CDATA[]]></system-out>
  <system-err><![CDATA[]]></system-err>
</testsuite>
