<?xml version="1.0" encoding="UTF-8"?>
<testsuite name="upb.edu.co.fairticket.domain.usecase.user.DeleteUserUseCaseTest" tests="2" skipped="0" failures="0" errors="0" timestamp="2026-04-08T23:37:18.362Z" hostname="SSJB" time="0.004">
  <properties/>
  <testcase name="testExecuteFound()" classname="upb.edu.co.fairticket.domain.usecase.user.DeleteUserUseCaseTest" time="0.002"/>
  <testcase name="testExecuteNotFoundThrowsException()" classname="upb.edu.co.fairticket.domain.usecase.user.DeleteUserUseCaseTest" time="0.001"/>
  <system-out><![CDATA[]]></system-out>
  <system-err><![CDATA[]]></system-err>
</testsuite>
