<?xml version="1.0" encoding="UTF-8"?>
<testsuite name="upb.edu.co.fairticket.domain.model.TicketTest" tests="3" skipped="0" failures="0" errors="0" timestamp="2026-04-08T23:37:17.917Z" hostname="SSJB" time="0.004">
  <properties/>
  <testcase name="testCreateTicket()" classname="upb.edu.co.fairticket.domain.model.TicketTest" time="0.003"/>
  <testcase name="testCancelTicket()" classname="upb.edu.co.fairticket.domain.model.TicketTest" time="0.001"/>
  <testcase name="testMarkPurchased()" classname="upb.edu.co.fairticket.domain.model.TicketTest" time="0.0"/>
  <system-out><![CDATA[]]></system-out>
  <system-err><![CDATA[]]></system-err>
</testsuite>
